<?xml version="1.0" encoding="UTF-8"?>
<Site BuildName="(empty)"
	BuildStamp="20250425-0138-Experimental"
	Name="tanay24-pete"
	Generator="ctest-3.22.1"
	CompilerName="/usr/bin/g++"
	CompilerVersion="11.4.0"
	OSName="Linux"
	Hostname="tanay24-pete"
	OSRelease="6.8.0-58-generic"
	OSVersion="#60~22.04.1-Ubuntu SMP PREEMPT_DYNAMIC Fri Mar 28 16:09:21 UTC 2"
	OSPlatform="x86_64"
	Is64Bits="1"
	VendorString="AuthenticAMD"
	VendorID="Advanced Micro Devices"
	FamilyID="25"
	ModelID="80"
	ProcessorCacheSize="512"
	NumberOfLogicalCPU="16"
	NumberOfPhysicalCPU="8"
	TotalVirtualMemory="2047"
	TotalPhysicalMemory="15388"
	LogicalProcessorsPerPhysical="2"
	ProcessorClockFrequency="2595.09"
	>
	<Testing>
		<StartDateTime>Apr 25 17:33 CDT</StartDateTime>
		<StartTestTime>1745620416</StartTestTime>
		<TestList/>
		<EndDateTime>Apr 25 17:33 CDT</EndDateTime>
		<EndTestTime>1745620416</EndTestTime>
		<ElapsedMinutes>0</ElapsedMinutes>
	</Testing>
</Site>
